INFO - 2024-10-15 15:16:00 --> Session: Class initialized using 'CodeIgniter\Session\Handlers\FileHandler' driver.
INFO - 2024-10-15 15:35:18 --> Session: Class initialized using 'CodeIgniter\Session\Handlers\FileHandler' driver.
INFO - 2024-10-15 15:39:12 --> Session: Class initialized using 'CodeIgniter\Session\Handlers\FileHandler' driver.
INFO - 2024-10-15 15:42:47 --> Session: Class initialized using 'CodeIgniter\Session\Handlers\FileHandler' driver.
INFO - 2024-10-15 15:45:32 --> Session: Class initialized using 'CodeIgniter\Session\Handlers\FileHandler' driver.
INFO - 2024-10-15 15:51:51 --> Session: Class initialized using 'CodeIgniter\Session\Handlers\FileHandler' driver.
CRITICAL - 2024-10-15 15:51:52 --> ErrorException: Undefined variable $dtakun1
[Method: GET, Route: akun2/new]
in APPPATH\Views\akun2\new.php on line 19.
 1 APPPATH\Views\akun2\new.php(19): CodeIgniter\Debug\Exceptions->errorHandler(2, 'Undefined variable $dtakun1', 'C:\\xampp\\htdocs\\aabw\\app\\Views\\akun2\\new.php', 19)
 2 SYSTEMPATH\View\View.php(234): include('C:\\xampp\\htdocs\\aabw\\app\\Views\\akun2\\new.php')
 3 SYSTEMPATH\View\View.php(237): CodeIgniter\View\View->CodeIgniter\View\{closure}()
 4 SYSTEMPATH\Common.php(1169): CodeIgniter\View\View->render('akun2/new', [], true)
 5 APPPATH\Controllers\Akun2.php(48): view('akun2/new')
 6 SYSTEMPATH\CodeIgniter.php(933): App\Controllers\Akun2->new()
 7 SYSTEMPATH\CodeIgniter.php(509): CodeIgniter\CodeIgniter->runController(Object(App\Controllers\Akun2))
 8 SYSTEMPATH\CodeIgniter.php(355): CodeIgniter\CodeIgniter->handleRequest(null, Object(Config\Cache), false)
 9 SYSTEMPATH\Boot.php(325): CodeIgniter\CodeIgniter->run()
10 SYSTEMPATH\Boot.php(67): CodeIgniter\Boot::runCodeIgniter(Object(CodeIgniter\CodeIgniter))
11 FCPATH\index.php(56): CodeIgniter\Boot::bootWeb(Object(Config\Paths))
12 SYSTEMPATH\rewrite.php(44): require_once('C:\\xampp\\htdocs\\aabw\\public\\index.php')
CRITICAL - 2024-10-15 15:53:20 --> ErrorException: Undefined variable $dtakun1
[Method: GET, Route: akun2/new]
in APPPATH\Views\akun2\new.php on line 19.
 1 APPPATH\Views\akun2\new.php(19): CodeIgniter\Debug\Exceptions->errorHandler(2, 'Undefined variable $dtakun1', 'C:\\xampp\\htdocs\\aabw\\app\\Views\\akun2\\new.php', 19)
 2 SYSTEMPATH\View\View.php(234): include('C:\\xampp\\htdocs\\aabw\\app\\Views\\akun2\\new.php')
 3 SYSTEMPATH\View\View.php(237): CodeIgniter\View\View->CodeIgniter\View\{closure}()
 4 SYSTEMPATH\Common.php(1169): CodeIgniter\View\View->render('akun2/new', [], true)
 5 APPPATH\Controllers\Akun2.php(52): view('akun2/new')
 6 SYSTEMPATH\CodeIgniter.php(933): App\Controllers\Akun2->new()
 7 SYSTEMPATH\CodeIgniter.php(509): CodeIgniter\CodeIgniter->runController(Object(App\Controllers\Akun2))
 8 SYSTEMPATH\CodeIgniter.php(355): CodeIgniter\CodeIgniter->handleRequest(null, Object(Config\Cache), false)
 9 SYSTEMPATH\Boot.php(325): CodeIgniter\CodeIgniter->run()
10 SYSTEMPATH\Boot.php(67): CodeIgniter\Boot::runCodeIgniter(Object(CodeIgniter\CodeIgniter))
11 FCPATH\index.php(56): CodeIgniter\Boot::bootWeb(Object(Config\Paths))
12 SYSTEMPATH\rewrite.php(44): require_once('C:\\xampp\\htdocs\\aabw\\public\\index.php')
INFO - 2024-10-15 16:07:02 --> Session: Class initialized using 'CodeIgniter\Session\Handlers\FileHandler' driver.
CRITICAL - 2024-10-15 16:16:52 --> ErrorException: Undefined variable $dtakun1
[Method: GET, Route: akun2/new]
in APPPATH\Views\akun2\new.php on line 25.
 1 APPPATH\Views\akun2\new.php(25): CodeIgniter\Debug\Exceptions->errorHandler(2, 'Undefined variable $dtakun1', 'C:\\xampp\\htdocs\\aabw\\app\\Views\\akun2\\new.php', 25)
 2 SYSTEMPATH\View\View.php(234): include('C:\\xampp\\htdocs\\aabw\\app\\Views\\akun2\\new.php')
 3 SYSTEMPATH\View\View.php(237): CodeIgniter\View\View->CodeIgniter\View\{closure}()
 4 SYSTEMPATH\Common.php(1169): CodeIgniter\View\View->render('akun2/new', [], true)
 5 APPPATH\Controllers\Akun2.php(52): view('akun2/new')
 6 SYSTEMPATH\CodeIgniter.php(933): App\Controllers\Akun2->new()
 7 SYSTEMPATH\CodeIgniter.php(509): CodeIgniter\CodeIgniter->runController(Object(App\Controllers\Akun2))
 8 SYSTEMPATH\CodeIgniter.php(355): CodeIgniter\CodeIgniter->handleRequest(null, Object(Config\Cache), false)
 9 SYSTEMPATH\Boot.php(325): CodeIgniter\CodeIgniter->run()
10 SYSTEMPATH\Boot.php(67): CodeIgniter\Boot::runCodeIgniter(Object(CodeIgniter\CodeIgniter))
11 FCPATH\index.php(56): CodeIgniter\Boot::bootWeb(Object(Config\Paths))
12 SYSTEMPATH\rewrite.php(44): require_once('C:\\xampp\\htdocs\\aabw\\public\\index.php')
INFO - 2024-10-15 16:24:56 --> CSRF token verified.
CRITICAL - 2024-10-15 16:24:56 --> ErrorException: Undefined property: App\Controllers\Akun2::$db
[Method: POST, Route: akun2]
in APPPATH\Controllers\Akun2.php on line 68.
 1 APPPATH\Controllers\Akun2.php(68): CodeIgniter\Debug\Exceptions->errorHandler(2, 'Undefined property: App\\Controllers\\Akun2::$db', 'C:\\xampp\\htdocs\\aabw\\app\\Controllers\\Akun2.php', 68)
 2 SYSTEMPATH\CodeIgniter.php(933): App\Controllers\Akun2->create()
 3 SYSTEMPATH\CodeIgniter.php(509): CodeIgniter\CodeIgniter->runController(Object(App\Controllers\Akun2))
 4 SYSTEMPATH\CodeIgniter.php(355): CodeIgniter\CodeIgniter->handleRequest(null, Object(Config\Cache), false)
 5 SYSTEMPATH\Boot.php(325): CodeIgniter\CodeIgniter->run()
 6 SYSTEMPATH\Boot.php(67): CodeIgniter\Boot::runCodeIgniter(Object(CodeIgniter\CodeIgniter))
 7 FCPATH\index.php(56): CodeIgniter\Boot::bootWeb(Object(Config\Paths))
 8 SYSTEMPATH\rewrite.php(44): require_once('C:\\xampp\\htdocs\\aabw\\public\\index.php')
INFO - 2024-10-15 16:27:10 --> CSRF token verified.
INFO - 2024-10-15 16:27:10 --> Session: Class initialized using 'CodeIgniter\Session\Handlers\FileHandler' driver.
INFO - 2024-10-15 16:27:11 --> Session: Class initialized using 'CodeIgniter\Session\Handlers\FileHandler' driver.
INFO - 2024-10-15 16:27:52 --> Session: Class initialized using 'CodeIgniter\Session\Handlers\FileHandler' driver.
INFO - 2024-10-15 16:27:59 --> Session: Class initialized using 'CodeIgniter\Session\Handlers\FileHandler' driver.
INFO - 2024-10-15 16:28:04 --> Session: Class initialized using 'CodeIgniter\Session\Handlers\FileHandler' driver.
INFO - 2024-10-15 16:28:12 --> CSRF token verified.
INFO - 2024-10-15 16:28:12 --> Session: Class initialized using 'CodeIgniter\Session\Handlers\FileHandler' driver.
INFO - 2024-10-15 16:28:12 --> Session: Class initialized using 'CodeIgniter\Session\Handlers\FileHandler' driver.
INFO - 2024-10-15 16:42:14 --> Session: Class initialized using 'CodeIgniter\Session\Handlers\FileHandler' driver.
INFO - 2024-10-15 16:42:18 --> CSRF token verified.
INFO - 2024-10-15 16:42:18 --> Session: Class initialized using 'CodeIgniter\Session\Handlers\FileHandler' driver.
INFO - 2024-10-15 16:42:18 --> Session: Class initialized using 'CodeIgniter\Session\Handlers\FileHandler' driver.
INFO - 2024-10-15 16:49:24 --> Session: Class initialized using 'CodeIgniter\Session\Handlers\FileHandler' driver.
INFO - 2024-10-15 16:50:47 --> Session: Class initialized using 'CodeIgniter\Session\Handlers\FileHandler' driver.
CRITICAL - 2024-10-15 16:54:49 --> ErrorException: Undefined variable $dtakun2
[Method: GET, Route: akun2/4/edit]
in APPPATH\Views\akun2\edit.php on line 19.
 1 APPPATH\Views\akun2\edit.php(19): CodeIgniter\Debug\Exceptions->errorHandler(2, 'Undefined variable $dtakun2', 'C:\\xampp\\htdocs\\aabw\\app\\Views\\akun2\\edit.php', 19)
 2 SYSTEMPATH\View\View.php(234): include('C:\\xampp\\htdocs\\aabw\\app\\Views\\akun2\\edit.php')
 3 SYSTEMPATH\View\View.php(237): CodeIgniter\View\View->CodeIgniter\View\{closure}()
 4 SYSTEMPATH\Common.php(1169): CodeIgniter\View\View->render('akun2/edit', [], true)
 5 APPPATH\Controllers\Akun2.php(88): view('akun2/edit')
 6 SYSTEMPATH\CodeIgniter.php(933): App\Controllers\Akun2->edit('4')
 7 SYSTEMPATH\CodeIgniter.php(509): CodeIgniter\CodeIgniter->runController(Object(App\Controllers\Akun2))
 8 SYSTEMPATH\CodeIgniter.php(355): CodeIgniter\CodeIgniter->handleRequest(null, Object(Config\Cache), false)
 9 SYSTEMPATH\Boot.php(325): CodeIgniter\CodeIgniter->run()
10 SYSTEMPATH\Boot.php(67): CodeIgniter\Boot::runCodeIgniter(Object(CodeIgniter\CodeIgniter))
11 FCPATH\index.php(56): CodeIgniter\Boot::bootWeb(Object(Config\Paths))
12 SYSTEMPATH\rewrite.php(44): require_once('C:\\xampp\\htdocs\\aabw\\public\\index.php')
CRITICAL - 2024-10-15 16:56:11 --> ErrorException: Undefined property: stdClass::$id_akun1
[Method: GET, Route: akun2/4/edit]
in APPPATH\Views\akun2\edit.php on line 19.
 1 APPPATH\Views\akun2\edit.php(19): CodeIgniter\Debug\Exceptions->errorHandler(2, 'Undefined property: stdClass::$id_akun1', 'C:\\xampp\\htdocs\\aabw\\app\\Views\\akun2\\edit.php', 19)
 2 SYSTEMPATH\View\View.php(234): include('C:\\xampp\\htdocs\\aabw\\app\\Views\\akun2\\edit.php')
 3 SYSTEMPATH\View\View.php(237): CodeIgniter\View\View->CodeIgniter\View\{closure}()
 4 SYSTEMPATH\Common.php(1169): CodeIgniter\View\View->render('akun2/edit', [], true)
 5 APPPATH\Controllers\Akun2.php(88): view('akun2/edit', [...])
 6 SYSTEMPATH\CodeIgniter.php(933): App\Controllers\Akun2->edit('4')
 7 SYSTEMPATH\CodeIgniter.php(509): CodeIgniter\CodeIgniter->runController(Object(App\Controllers\Akun2))
 8 SYSTEMPATH\CodeIgniter.php(355): CodeIgniter\CodeIgniter->handleRequest(null, Object(Config\Cache), false)
 9 SYSTEMPATH\Boot.php(325): CodeIgniter\CodeIgniter->run()
10 SYSTEMPATH\Boot.php(67): CodeIgniter\Boot::runCodeIgniter(Object(CodeIgniter\CodeIgniter))
11 FCPATH\index.php(56): CodeIgniter\Boot::bootWeb(Object(Config\Paths))
12 SYSTEMPATH\rewrite.php(44): require_once('C:\\xampp\\htdocs\\aabw\\public\\index.php')
INFO - 2024-10-15 17:09:01 --> CSRF token verified.
INFO - 2024-10-15 17:09:01 --> Session: Class initialized using 'CodeIgniter\Session\Handlers\FileHandler' driver.
INFO - 2024-10-15 17:09:02 --> Session: Class initialized using 'CodeIgniter\Session\Handlers\FileHandler' driver.
